<?xml version="1.0" encoding="UTF-8" ?>
<testsuite failures="5" time="109.055" errors="0" skipped="0" tests="12" name="org.fincayra.modeshape.SQL2AppTest">
  <properties>
    <property name="java.runtime.name" value="Java(TM) SE Runtime Environment"/>
    <property name="sun.boot.library.path" value="/usr/lib/jvm/java-6-sun-1.6.0.24/jre/lib/amd64"/>
    <property name="java.vm.version" value="19.1-b02"/>
    <property name="java.vm.vendor" value="Sun Microsystems Inc."/>
    <property name="java.vendor.url" value="http://java.sun.com/"/>
    <property name="path.separator" value=":"/>
    <property name="java.vm.name" value="Java HotSpot(TM) 64-Bit Server VM"/>
    <property name="file.encoding.pkg" value="sun.io"/>
    <property name="user.country" value="US"/>
    <property name="sun.java.launcher" value="SUN_STANDARD"/>
    <property name="sun.os.patch.level" value="unknown"/>
    <property name="java.vm.specification.name" value="Java Virtual Machine Specification"/>
    <property name="user.dir" value="/home/jpiasci/projects/modeshape_sql2_test"/>
    <property name="java.runtime.version" value="1.6.0_24-b07"/>
    <property name="java.awt.graphicsenv" value="sun.awt.X11GraphicsEnvironment"/>
    <property name="basedir" value="/home/jpiasci/projects/modeshape_sql2_test"/>
    <property name="java.endorsed.dirs" value="/usr/lib/jvm/java-6-sun-1.6.0.24/jre/lib/endorsed"/>
    <property name="os.arch" value="amd64"/>
    <property name="surefire.real.class.path" value="/tmp/surefirebooter2587335920643519773.jar"/>
    <property name="java.io.tmpdir" value="/tmp"/>
    <property name="line.separator" value="
"/>
    <property name="java.vm.specification.vendor" value="Sun Microsystems Inc."/>
    <property name="os.name" value="Linux"/>
    <property name="sun.jnu.encoding" value="UTF-8"/>
    <property name="java.library.path" value="/usr/lib/jvm/java-6-sun-1.6.0.24/jre/lib/amd64/server:/usr/lib/jvm/java-6-sun-1.6.0.24/jre/lib/amd64:/usr/lib/jvm/java-6-sun-1.6.0.24/jre/../lib/amd64:/usr/java/packages/lib/amd64:/usr/lib64:/lib64:/lib:/usr/lib"/>
    <property name="surefire.test.class.path" value="/home/jpiasci/projects/modeshape_sql2_test/target/test-classes:/home/jpiasci/projects/modeshape_sql2_test/target/classes:/home/jpiasci/.m2/repository/junit/junit/4.8.1/junit-4.8.1.jar:/home/jpiasci/.m2/repository/commons-io/commons-io/2.0.1/commons-io-2.0.1.jar:/home/jpiasci/.m2/repository/org/slf4j/slf4j-api/1.5.11/slf4j-api-1.5.11.jar:/home/jpiasci/.m2/repository/org/slf4j/slf4j-log4j12/1.5.11/slf4j-log4j12-1.5.11.jar:/home/jpiasci/.m2/repository/log4j/log4j/1.2.16/log4j-1.2.16.jar:/home/jpiasci/.m2/repository/javax/jcr/jcr/2.0/jcr-2.0.jar:/home/jpiasci/.m2/repository/org/modeshape/modeshape-jcr/2.5.0.Beta2/modeshape-jcr-2.5.0.Beta2.jar:/home/jpiasci/.m2/repository/org/modeshape/modeshape-common/2.5.0.Beta2/modeshape-common-2.5.0.Beta2.jar:/home/jpiasci/.m2/repository/org/modeshape/modeshape-graph/2.5.0.Beta2/modeshape-graph-2.5.0.Beta2.jar:/home/jpiasci/.m2/repository/joda-time/joda-time/1.6/joda-time-1.6.jar:/home/jpiasci/.m2/repository/org/modeshape/modeshape-repository/2.5.0.Beta2/modeshape-repository-2.5.0.Beta2.jar:/home/jpiasci/.m2/repository/org/modeshape/modeshape-search-lucene/2.5.0.Beta2/modeshape-search-lucene-2.5.0.Beta2.jar:/home/jpiasci/.m2/repository/org/apache/lucene/lucene-core/3.1.0/lucene-core-3.1.0.jar:/home/jpiasci/.m2/repository/org/apache/lucene/lucene-analyzers/3.1.0/lucene-analyzers-3.1.0.jar:/home/jpiasci/.m2/repository/org/apache/lucene/lucene-regex/3.0.3/lucene-regex-3.0.3.jar:/home/jpiasci/.m2/repository/jakarta-regexp/jakarta-regexp/1.4/jakarta-regexp-1.4.jar:/home/jpiasci/.m2/repository/org/apache/lucene/lucene-misc/3.1.0/lucene-misc-3.1.0.jar:/home/jpiasci/.m2/repository/org/modeshape/modeshape-jcr-api/2.5.0.Beta2/modeshape-jcr-api-2.5.0.Beta2.jar:/home/jpiasci/.m2/repository/org/modeshape/modeshape-cnd/2.5.0.Beta2/modeshape-cnd-2.5.0.Beta2.jar:/home/jpiasci/.m2/repository/org/modeshape/modeshape-clustering/2.5.0.Beta2/modeshape-clustering-2.5.0.Beta2.jar:/home/jpiasci/.m2/repository/org/jgroups/jgroups/2.10.0.GA/jgroups-2.10.0.GA.jar:/home/jpiasci/.m2/repository/org/modeshape/modeshape-connector-infinispan/2.5.0.Beta2/modeshape-connector-infinispan-2.5.0.Beta2.jar:/home/jpiasci/.m2/repository/org/infinispan/infinispan-core/4.1.0.FINAL/infinispan-core-4.1.0.FINAL.jar:/home/jpiasci/.m2/repository/org/jboss/javaee/jboss-transaction-api/1.0.1.GA/jboss-transaction-api-1.0.1.GA.jar:/home/jpiasci/.m2/repository/org/jboss/marshalling/river/1.2.3.GA/river-1.2.3.GA.jar:/home/jpiasci/.m2/repository/org/jboss/marshalling/marshalling-api/1.2.3.GA/marshalling-api-1.2.3.GA.jar:/home/jpiasci/.m2/repository/org/jboss/jboss-common-core/2.2.14.GA/jboss-common-core-2.2.14.GA.jar:/home/jpiasci/.m2/repository/org/jboss/logging/jboss-logging-spi/2.0.5.GA/jboss-logging-spi-2.0.5.GA.jar:/home/jpiasci/.m2/repository/org/rhq/helpers/rhq-pluginAnnotations/1.4.0.B01/rhq-pluginAnnotations-1.4.0.B01.jar:/home/jpiasci/.m2/repository/i18nlog/i18nlog/1.0.9/i18nlog-1.0.9.jar:/home/jpiasci/.m2/repository/org/infinispan/infinispan-client-hotrod/4.1.0.FINAL/infinispan-client-hotrod-4.1.0.FINAL.jar:/home/jpiasci/.m2/repository/commons-pool/commons-pool/1.5.4/commons-pool-1.5.4.jar:/home/jpiasci/.m2/repository/org/modeshape/modeshape-connector-store-jpa/2.5.0.Beta2/modeshape-connector-store-jpa-2.5.0.Beta2.jar:/home/jpiasci/.m2/repository/org/hibernate/hibernate-entitymanager/3.5.2-Final/hibernate-entitymanager-3.5.2-Final.jar:/home/jpiasci/.m2/repository/org/hibernate/hibernate-core/3.5.2-Final/hibernate-core-3.5.2-Final.jar:/home/jpiasci/.m2/repository/antlr/antlr/2.7.6/antlr-2.7.6.jar:/home/jpiasci/.m2/repository/commons-collections/commons-collections/3.1/commons-collections-3.1.jar:/home/jpiasci/.m2/repository/dom4j/dom4j/1.6.1/dom4j-1.6.1.jar:/home/jpiasci/.m2/repository/xml-apis/xml-apis/1.0.b2/xml-apis-1.0.b2.jar:/home/jpiasci/.m2/repository/javax/transaction/jta/1.1/jta-1.1.jar:/home/jpiasci/.m2/repository/org/hibernate/hibernate-annotations/3.5.2-Final/hibernate-annotations-3.5.2-Final.jar:/home/jpiasci/.m2/repository/org/hibernate/hibernate-commons-annotations/3.2.0.Final/hibernate-commons-annotations-3.2.0.Final.jar:/home/jpiasci/.m2/repository/org/hibernate/javax/persistence/hibernate-jpa-2.0-api/1.0.0.Final/hibernate-jpa-2.0-api-1.0.0.Final.jar:/home/jpiasci/.m2/repository/cglib/cglib/2.2/cglib-2.2.jar:/home/jpiasci/.m2/repository/asm/asm/3.1/asm-3.1.jar:/home/jpiasci/.m2/repository/javassist/javassist/3.9.0.GA/javassist-3.9.0.GA.jar:/home/jpiasci/.m2/repository/org/hibernate/hibernate-c3p0/3.5.2-Final/hibernate-c3p0-3.5.2-Final.jar:/home/jpiasci/.m2/repository/c3p0/c3p0/0.9.1/c3p0-0.9.1.jar:/home/jpiasci/.m2/repository/org/hsqldb/hsqldb/2.0.0/hsqldb-2.0.0.jar:"/>
    <property name="java.specification.name" value="Java Platform API Specification"/>
    <property name="java.class.version" value="50.0"/>
    <property name="sun.management.compiler" value="HotSpot 64-Bit Server Compiler"/>
    <property name="os.version" value="2.6.32-30-generic"/>
    <property name="user.home" value="/home/jpiasci"/>
    <property name="user.timezone" value="America/Chicago"/>
    <property name="java.awt.printerjob" value="sun.print.PSPrinterJob"/>
    <property name="file.encoding" value="UTF-8"/>
    <property name="java.specification.version" value="1.6"/>
    <property name="user.name" value="jpiasci"/>
    <property name="java.class.path" value="/home/jpiasci/projects/modeshape_sql2_test/target/test-classes:/home/jpiasci/projects/modeshape_sql2_test/target/classes:/home/jpiasci/.m2/repository/junit/junit/4.8.1/junit-4.8.1.jar:/home/jpiasci/.m2/repository/commons-io/commons-io/2.0.1/commons-io-2.0.1.jar:/home/jpiasci/.m2/repository/org/slf4j/slf4j-api/1.5.11/slf4j-api-1.5.11.jar:/home/jpiasci/.m2/repository/org/slf4j/slf4j-log4j12/1.5.11/slf4j-log4j12-1.5.11.jar:/home/jpiasci/.m2/repository/log4j/log4j/1.2.16/log4j-1.2.16.jar:/home/jpiasci/.m2/repository/javax/jcr/jcr/2.0/jcr-2.0.jar:/home/jpiasci/.m2/repository/org/modeshape/modeshape-jcr/2.5.0.Beta2/modeshape-jcr-2.5.0.Beta2.jar:/home/jpiasci/.m2/repository/org/modeshape/modeshape-common/2.5.0.Beta2/modeshape-common-2.5.0.Beta2.jar:/home/jpiasci/.m2/repository/org/modeshape/modeshape-graph/2.5.0.Beta2/modeshape-graph-2.5.0.Beta2.jar:/home/jpiasci/.m2/repository/joda-time/joda-time/1.6/joda-time-1.6.jar:/home/jpiasci/.m2/repository/org/modeshape/modeshape-repository/2.5.0.Beta2/modeshape-repository-2.5.0.Beta2.jar:/home/jpiasci/.m2/repository/org/modeshape/modeshape-search-lucene/2.5.0.Beta2/modeshape-search-lucene-2.5.0.Beta2.jar:/home/jpiasci/.m2/repository/org/apache/lucene/lucene-core/3.1.0/lucene-core-3.1.0.jar:/home/jpiasci/.m2/repository/org/apache/lucene/lucene-analyzers/3.1.0/lucene-analyzers-3.1.0.jar:/home/jpiasci/.m2/repository/org/apache/lucene/lucene-regex/3.0.3/lucene-regex-3.0.3.jar:/home/jpiasci/.m2/repository/jakarta-regexp/jakarta-regexp/1.4/jakarta-regexp-1.4.jar:/home/jpiasci/.m2/repository/org/apache/lucene/lucene-misc/3.1.0/lucene-misc-3.1.0.jar:/home/jpiasci/.m2/repository/org/modeshape/modeshape-jcr-api/2.5.0.Beta2/modeshape-jcr-api-2.5.0.Beta2.jar:/home/jpiasci/.m2/repository/org/modeshape/modeshape-cnd/2.5.0.Beta2/modeshape-cnd-2.5.0.Beta2.jar:/home/jpiasci/.m2/repository/org/modeshape/modeshape-clustering/2.5.0.Beta2/modeshape-clustering-2.5.0.Beta2.jar:/home/jpiasci/.m2/repository/org/jgroups/jgroups/2.10.0.GA/jgroups-2.10.0.GA.jar:/home/jpiasci/.m2/repository/org/modeshape/modeshape-connector-infinispan/2.5.0.Beta2/modeshape-connector-infinispan-2.5.0.Beta2.jar:/home/jpiasci/.m2/repository/org/infinispan/infinispan-core/4.1.0.FINAL/infinispan-core-4.1.0.FINAL.jar:/home/jpiasci/.m2/repository/org/jboss/javaee/jboss-transaction-api/1.0.1.GA/jboss-transaction-api-1.0.1.GA.jar:/home/jpiasci/.m2/repository/org/jboss/marshalling/river/1.2.3.GA/river-1.2.3.GA.jar:/home/jpiasci/.m2/repository/org/jboss/marshalling/marshalling-api/1.2.3.GA/marshalling-api-1.2.3.GA.jar:/home/jpiasci/.m2/repository/org/jboss/jboss-common-core/2.2.14.GA/jboss-common-core-2.2.14.GA.jar:/home/jpiasci/.m2/repository/org/jboss/logging/jboss-logging-spi/2.0.5.GA/jboss-logging-spi-2.0.5.GA.jar:/home/jpiasci/.m2/repository/org/rhq/helpers/rhq-pluginAnnotations/1.4.0.B01/rhq-pluginAnnotations-1.4.0.B01.jar:/home/jpiasci/.m2/repository/i18nlog/i18nlog/1.0.9/i18nlog-1.0.9.jar:/home/jpiasci/.m2/repository/org/infinispan/infinispan-client-hotrod/4.1.0.FINAL/infinispan-client-hotrod-4.1.0.FINAL.jar:/home/jpiasci/.m2/repository/commons-pool/commons-pool/1.5.4/commons-pool-1.5.4.jar:/home/jpiasci/.m2/repository/org/modeshape/modeshape-connector-store-jpa/2.5.0.Beta2/modeshape-connector-store-jpa-2.5.0.Beta2.jar:/home/jpiasci/.m2/repository/org/hibernate/hibernate-entitymanager/3.5.2-Final/hibernate-entitymanager-3.5.2-Final.jar:/home/jpiasci/.m2/repository/org/hibernate/hibernate-core/3.5.2-Final/hibernate-core-3.5.2-Final.jar:/home/jpiasci/.m2/repository/antlr/antlr/2.7.6/antlr-2.7.6.jar:/home/jpiasci/.m2/repository/commons-collections/commons-collections/3.1/commons-collections-3.1.jar:/home/jpiasci/.m2/repository/dom4j/dom4j/1.6.1/dom4j-1.6.1.jar:/home/jpiasci/.m2/repository/xml-apis/xml-apis/1.0.b2/xml-apis-1.0.b2.jar:/home/jpiasci/.m2/repository/javax/transaction/jta/1.1/jta-1.1.jar:/home/jpiasci/.m2/repository/org/hibernate/hibernate-annotations/3.5.2-Final/hibernate-annotations-3.5.2-Final.jar:/home/jpiasci/.m2/repository/org/hibernate/hibernate-commons-annotations/3.2.0.Final/hibernate-commons-annotations-3.2.0.Final.jar:/home/jpiasci/.m2/repository/org/hibernate/javax/persistence/hibernate-jpa-2.0-api/1.0.0.Final/hibernate-jpa-2.0-api-1.0.0.Final.jar:/home/jpiasci/.m2/repository/cglib/cglib/2.2/cglib-2.2.jar:/home/jpiasci/.m2/repository/asm/asm/3.1/asm-3.1.jar:/home/jpiasci/.m2/repository/javassist/javassist/3.9.0.GA/javassist-3.9.0.GA.jar:/home/jpiasci/.m2/repository/org/hibernate/hibernate-c3p0/3.5.2-Final/hibernate-c3p0-3.5.2-Final.jar:/home/jpiasci/.m2/repository/c3p0/c3p0/0.9.1/c3p0-0.9.1.jar:/home/jpiasci/.m2/repository/org/hsqldb/hsqldb/2.0.0/hsqldb-2.0.0.jar:"/>
    <property name="java.vm.specification.version" value="1.0"/>
    <property name="sun.arch.data.model" value="64"/>
    <property name="java.home" value="/usr/lib/jvm/java-6-sun-1.6.0.24/jre"/>
    <property name="java.specification.vendor" value="Sun Microsystems Inc."/>
    <property name="user.language" value="en"/>
    <property name="java.vm.info" value="mixed mode"/>
    <property name="java.version" value="1.6.0_24"/>
    <property name="java.ext.dirs" value="/usr/lib/jvm/java-6-sun-1.6.0.24/jre/lib/ext:/usr/java/packages/lib/ext"/>
    <property name="sun.boot.class.path" value="/usr/lib/jvm/java-6-sun-1.6.0.24/jre/lib/resources.jar:/usr/lib/jvm/java-6-sun-1.6.0.24/jre/lib/rt.jar:/usr/lib/jvm/java-6-sun-1.6.0.24/jre/lib/sunrsasign.jar:/usr/lib/jvm/java-6-sun-1.6.0.24/jre/lib/jsse.jar:/usr/lib/jvm/java-6-sun-1.6.0.24/jre/lib/jce.jar:/usr/lib/jvm/java-6-sun-1.6.0.24/jre/lib/charsets.jar:/usr/lib/jvm/java-6-sun-1.6.0.24/jre/lib/modules/jdk.boot.jar:/usr/lib/jvm/java-6-sun-1.6.0.24/jre/classes"/>
    <property name="java.vendor" value="Sun Microsystems Inc."/>
    <property name="localRepository" value="/home/jpiasci/.m2/repository"/>
    <property name="file.separator" value="/"/>
    <property name="java.vendor.url.bug" value="http://java.sun.com/cgi-bin/bugreport.cgi"/>
    <property name="sun.cpu.endian" value="little"/>
    <property name="sun.io.unicode.encoding" value="UnicodeLittle"/>
    <property name="sun.desktop" value="gnome"/>
    <property name="sun.cpu.isalist" value=""/>
  </properties>
  <testcase time="10.198" classname="org.fincayra.modeshape.SQL2AppTest" name="testSQL2_name_CLUSTER_BOTH_INFINISPAN"/>
  <testcase time="6.36" classname="org.fincayra.modeshape.SQL2AppTest" name="testSQL2_name_HSQLDB_SOURCE"/>
  <testcase time="6.807" classname="org.fincayra.modeshape.SQL2AppTest" name="testSQL2_name_HSQLDB_SOURCE_MODESHAPE_CLUSTER"/>
  <testcase time="14.29" classname="org.fincayra.modeshape.SQL2AppTest" name="testSQL2_name_CLUSTER_BOTH_INFINISPAN_Shutdown"/>
  <testcase time="8.6" classname="org.fincayra.modeshape.SQL2AppTest" name="testSQL2_name_HSQLDB_SOURCE_Shutdown"/>
  <testcase time="13.075" classname="org.fincayra.modeshape.SQL2AppTest" name="testSQL2_name_HSQLDB_SOURCE_MODESHAPE_CLUSTER_Shutdown">
    <failure message="Query result is empty" type="java.lang.AssertionError">java.lang.AssertionError: Query result is empty
	at org.junit.Assert.fail(Assert.java:91)
	at org.junit.Assert.assertTrue(Assert.java:43)
	at org.fincayra.modeshape.SQL2AppTest.testSQL2_name_HSQLDB_SOURCE_MODESHAPE_CLUSTER_Shutdown(SQL2AppTest.java:126)
	at sun.reflect.NativeMethodAccessorImpl.invoke0(Native Method)
	at sun.reflect.NativeMethodAccessorImpl.invoke(NativeMethodAccessorImpl.java:39)
	at sun.reflect.DelegatingMethodAccessorImpl.invoke(DelegatingMethodAccessorImpl.java:25)
	at java.lang.reflect.Method.invoke(Method.java:597)
	at org.junit.runners.model.FrameworkMethod$1.runReflectiveCall(FrameworkMethod.java:44)
	at org.junit.internal.runners.model.ReflectiveCallable.run(ReflectiveCallable.java:15)
	at org.junit.runners.model.FrameworkMethod.invokeExplosively(FrameworkMethod.java:41)
	at org.junit.internal.runners.statements.InvokeMethod.evaluate(InvokeMethod.java:20)
	at org.junit.internal.runners.statements.RunBefores.evaluate(RunBefores.java:28)
	at org.junit.internal.runners.statements.RunAfters.evaluate(RunAfters.java:31)
	at org.junit.runners.BlockJUnit4ClassRunner.runChild(BlockJUnit4ClassRunner.java:76)
	at org.junit.runners.BlockJUnit4ClassRunner.runChild(BlockJUnit4ClassRunner.java:50)
	at org.junit.runners.ParentRunner$3.run(ParentRunner.java:193)
	at org.junit.runners.ParentRunner$1.schedule(ParentRunner.java:52)
	at org.junit.runners.ParentRunner.runChildren(ParentRunner.java:191)
	at org.junit.runners.ParentRunner.access$000(ParentRunner.java:42)
	at org.junit.runners.ParentRunner$2.evaluate(ParentRunner.java:184)
	at org.junit.internal.runners.statements.RunAfters.evaluate(RunAfters.java:31)
	at org.junit.runners.ParentRunner.run(ParentRunner.java:236)
	at org.apache.maven.surefire.junit4.JUnit4TestSet.execute(JUnit4TestSet.java:62)
	at org.apache.maven.surefire.suite.AbstractDirectoryTestSuite.executeTestSet(AbstractDirectoryTestSuite.java:140)
	at org.apache.maven.surefire.suite.AbstractDirectoryTestSuite.execute(AbstractDirectoryTestSuite.java:127)
	at org.apache.maven.surefire.Surefire.run(Surefire.java:177)
	at sun.reflect.NativeMethodAccessorImpl.invoke0(Native Method)
	at sun.reflect.NativeMethodAccessorImpl.invoke(NativeMethodAccessorImpl.java:39)
	at sun.reflect.DelegatingMethodAccessorImpl.invoke(DelegatingMethodAccessorImpl.java:25)
	at java.lang.reflect.Method.invoke(Method.java:597)
	at org.apache.maven.surefire.booter.SurefireBooter.runSuitesInProcess(SurefireBooter.java:345)
	at org.apache.maven.surefire.booter.SurefireBooter.main(SurefireBooter.java:1009)
</failure>
  </testcase>
  <testcase time="6.729" classname="org.fincayra.modeshape.SQL2AppTest" name="testSQL2_cast_CLUSTER_BOTH_INFINISPAN"/>
  <testcase time="3.115" classname="org.fincayra.modeshape.SQL2AppTest" name="testSQL2_cast_HSQLDB_SOURCE"/>
  <testcase time="7.012" classname="org.fincayra.modeshape.SQL2AppTest" name="testSQL2_cast_HSQLDB_SOURCE_MODESHAPE_CLUSTER">
    <failure message="Query result is empty" type="java.lang.AssertionError">java.lang.AssertionError: Query result is empty
	at org.junit.Assert.fail(Assert.java:91)
	at org.junit.Assert.assertTrue(Assert.java:43)
	at org.fincayra.modeshape.SQL2AppTest.testSQL2_cast_HSQLDB_SOURCE_MODESHAPE_CLUSTER(SQL2AppTest.java:175)
	at sun.reflect.NativeMethodAccessorImpl.invoke0(Native Method)
	at sun.reflect.NativeMethodAccessorImpl.invoke(NativeMethodAccessorImpl.java:39)
	at sun.reflect.DelegatingMethodAccessorImpl.invoke(DelegatingMethodAccessorImpl.java:25)
	at java.lang.reflect.Method.invoke(Method.java:597)
	at org.junit.runners.model.FrameworkMethod$1.runReflectiveCall(FrameworkMethod.java:44)
	at org.junit.internal.runners.model.ReflectiveCallable.run(ReflectiveCallable.java:15)
	at org.junit.runners.model.FrameworkMethod.invokeExplosively(FrameworkMethod.java:41)
	at org.junit.internal.runners.statements.InvokeMethod.evaluate(InvokeMethod.java:20)
	at org.junit.internal.runners.statements.RunBefores.evaluate(RunBefores.java:28)
	at org.junit.internal.runners.statements.RunAfters.evaluate(RunAfters.java:31)
	at org.junit.runners.BlockJUnit4ClassRunner.runChild(BlockJUnit4ClassRunner.java:76)
	at org.junit.runners.BlockJUnit4ClassRunner.runChild(BlockJUnit4ClassRunner.java:50)
	at org.junit.runners.ParentRunner$3.run(ParentRunner.java:193)
	at org.junit.runners.ParentRunner$1.schedule(ParentRunner.java:52)
	at org.junit.runners.ParentRunner.runChildren(ParentRunner.java:191)
	at org.junit.runners.ParentRunner.access$000(ParentRunner.java:42)
	at org.junit.runners.ParentRunner$2.evaluate(ParentRunner.java:184)
	at org.junit.internal.runners.statements.RunAfters.evaluate(RunAfters.java:31)
	at org.junit.runners.ParentRunner.run(ParentRunner.java:236)
	at org.apache.maven.surefire.junit4.JUnit4TestSet.execute(JUnit4TestSet.java:62)
	at org.apache.maven.surefire.suite.AbstractDirectoryTestSuite.executeTestSet(AbstractDirectoryTestSuite.java:140)
	at org.apache.maven.surefire.suite.AbstractDirectoryTestSuite.execute(AbstractDirectoryTestSuite.java:127)
	at org.apache.maven.surefire.Surefire.run(Surefire.java:177)
	at sun.reflect.NativeMethodAccessorImpl.invoke0(Native Method)
	at sun.reflect.NativeMethodAccessorImpl.invoke(NativeMethodAccessorImpl.java:39)
	at sun.reflect.DelegatingMethodAccessorImpl.invoke(DelegatingMethodAccessorImpl.java:25)
	at java.lang.reflect.Method.invoke(Method.java:597)
	at org.apache.maven.surefire.booter.SurefireBooter.runSuitesInProcess(SurefireBooter.java:345)
	at org.apache.maven.surefire.booter.SurefireBooter.main(SurefireBooter.java:1009)
</failure>
    <system-err>java.io.IOException: Unable to delete directory fincayra-store.
	at org.apache.commons.io.FileUtils.deleteDirectory(FileUtils.java:1206)
	at org.fincayra.modeshape.SQL2App.destroy(SQL2App.java:71)
	at org.fincayra.modeshape.SQL2AppTest.beforeEach(SQL2AppTest.java:26)
	at sun.reflect.NativeMethodAccessorImpl.invoke0(Native Method)
	at sun.reflect.NativeMethodAccessorImpl.invoke(NativeMethodAccessorImpl.java:39)
	at sun.reflect.DelegatingMethodAccessorImpl.invoke(DelegatingMethodAccessorImpl.java:25)
	at java.lang.reflect.Method.invoke(Method.java:597)
	at org.junit.runners.model.FrameworkMethod$1.runReflectiveCall(FrameworkMethod.java:44)
	at org.junit.internal.runners.model.ReflectiveCallable.run(ReflectiveCallable.java:15)
	at org.junit.runners.model.FrameworkMethod.invokeExplosively(FrameworkMethod.java:41)
	at org.junit.internal.runners.statements.RunBefores.evaluate(RunBefores.java:27)
	at org.junit.internal.runners.statements.RunAfters.evaluate(RunAfters.java:31)
	at org.junit.runners.BlockJUnit4ClassRunner.runChild(BlockJUnit4ClassRunner.java:76)
	at org.junit.runners.BlockJUnit4ClassRunner.runChild(BlockJUnit4ClassRunner.java:50)
	at org.junit.runners.ParentRunner$3.run(ParentRunner.java:193)
	at org.junit.runners.ParentRunner$1.schedule(ParentRunner.java:52)
	at org.junit.runners.ParentRunner.runChildren(ParentRunner.java:191)
	at org.junit.runners.ParentRunner.access$000(ParentRunner.java:42)
	at org.junit.runners.ParentRunner$2.evaluate(ParentRunner.java:184)
	at org.junit.internal.runners.statements.RunAfters.evaluate(RunAfters.java:31)
	at org.junit.runners.ParentRunner.run(ParentRunner.java:236)
	at org.apache.maven.surefire.junit4.JUnit4TestSet.execute(JUnit4TestSet.java:62)
	at org.apache.maven.surefire.suite.AbstractDirectoryTestSuite.executeTestSet(AbstractDirectoryTestSuite.java:140)
	at org.apache.maven.surefire.suite.AbstractDirectoryTestSuite.execute(AbstractDirectoryTestSuite.java:127)
	at org.apache.maven.surefire.Surefire.run(Surefire.java:177)
	at sun.reflect.NativeMethodAccessorImpl.invoke0(Native Method)
	at sun.reflect.NativeMethodAccessorImpl.invoke(NativeMethodAccessorImpl.java:39)
	at sun.reflect.DelegatingMethodAccessorImpl.invoke(DelegatingMethodAccessorImpl.java:25)
	at java.lang.reflect.Method.invoke(Method.java:597)
	at org.apache.maven.surefire.booter.SurefireBooter.runSuitesInProcess(SurefireBooter.java:345)
	at org.apache.maven.surefire.booter.SurefireBooter.main(SurefireBooter.java:1009)
</system-err>
  </testcase>
  <testcase time="13.424" classname="org.fincayra.modeshape.SQL2AppTest" name="testSQL2_cast_CLUSTER_BOTH_INFINISPAN_Shutdown">
    <failure message="Query result is empty" type="java.lang.AssertionError">java.lang.AssertionError: Query result is empty
	at org.junit.Assert.fail(Assert.java:91)
	at org.junit.Assert.assertTrue(Assert.java:43)
	at org.fincayra.modeshape.SQL2AppTest.testSQL2_cast_CLUSTER_BOTH_INFINISPAN_Shutdown(SQL2AppTest.java:191)
	at sun.reflect.NativeMethodAccessorImpl.invoke0(Native Method)
	at sun.reflect.NativeMethodAccessorImpl.invoke(NativeMethodAccessorImpl.java:39)
	at sun.reflect.DelegatingMethodAccessorImpl.invoke(DelegatingMethodAccessorImpl.java:25)
	at java.lang.reflect.Method.invoke(Method.java:597)
	at org.junit.runners.model.FrameworkMethod$1.runReflectiveCall(FrameworkMethod.java:44)
	at org.junit.internal.runners.model.ReflectiveCallable.run(ReflectiveCallable.java:15)
	at org.junit.runners.model.FrameworkMethod.invokeExplosively(FrameworkMethod.java:41)
	at org.junit.internal.runners.statements.InvokeMethod.evaluate(InvokeMethod.java:20)
	at org.junit.internal.runners.statements.RunBefores.evaluate(RunBefores.java:28)
	at org.junit.internal.runners.statements.RunAfters.evaluate(RunAfters.java:31)
	at org.junit.runners.BlockJUnit4ClassRunner.runChild(BlockJUnit4ClassRunner.java:76)
	at org.junit.runners.BlockJUnit4ClassRunner.runChild(BlockJUnit4ClassRunner.java:50)
	at org.junit.runners.ParentRunner$3.run(ParentRunner.java:193)
	at org.junit.runners.ParentRunner$1.schedule(ParentRunner.java:52)
	at org.junit.runners.ParentRunner.runChildren(ParentRunner.java:191)
	at org.junit.runners.ParentRunner.access$000(ParentRunner.java:42)
	at org.junit.runners.ParentRunner$2.evaluate(ParentRunner.java:184)
	at org.junit.internal.runners.statements.RunAfters.evaluate(RunAfters.java:31)
	at org.junit.runners.ParentRunner.run(ParentRunner.java:236)
	at org.apache.maven.surefire.junit4.JUnit4TestSet.execute(JUnit4TestSet.java:62)
	at org.apache.maven.surefire.suite.AbstractDirectoryTestSuite.executeTestSet(AbstractDirectoryTestSuite.java:140)
	at org.apache.maven.surefire.suite.AbstractDirectoryTestSuite.execute(AbstractDirectoryTestSuite.java:127)
	at org.apache.maven.surefire.Surefire.run(Surefire.java:177)
	at sun.reflect.NativeMethodAccessorImpl.invoke0(Native Method)
	at sun.reflect.NativeMethodAccessorImpl.invoke(NativeMethodAccessorImpl.java:39)
	at sun.reflect.DelegatingMethodAccessorImpl.invoke(DelegatingMethodAccessorImpl.java:25)
	at java.lang.reflect.Method.invoke(Method.java:597)
	at org.apache.maven.surefire.booter.SurefireBooter.runSuitesInProcess(SurefireBooter.java:345)
	at org.apache.maven.surefire.booter.SurefireBooter.main(SurefireBooter.java:1009)
</failure>
    <system-out>SQL2Infinispan Instance:1909878951
</system-out>
  </testcase>
  <testcase time="7.175" classname="org.fincayra.modeshape.SQL2AppTest" name="testSQL2_cast_HSQLDB_SOURCE_Shutdown">
    <failure message="Query result is empty" type="java.lang.AssertionError">java.lang.AssertionError: Query result is empty
	at org.junit.Assert.fail(Assert.java:91)
	at org.junit.Assert.assertTrue(Assert.java:43)
	at org.fincayra.modeshape.SQL2AppTest.testSQL2_cast_HSQLDB_SOURCE_Shutdown(SQL2AppTest.java:206)
	at sun.reflect.NativeMethodAccessorImpl.invoke0(Native Method)
	at sun.reflect.NativeMethodAccessorImpl.invoke(NativeMethodAccessorImpl.java:39)
	at sun.reflect.DelegatingMethodAccessorImpl.invoke(DelegatingMethodAccessorImpl.java:25)
	at java.lang.reflect.Method.invoke(Method.java:597)
	at org.junit.runners.model.FrameworkMethod$1.runReflectiveCall(FrameworkMethod.java:44)
	at org.junit.internal.runners.model.ReflectiveCallable.run(ReflectiveCallable.java:15)
	at org.junit.runners.model.FrameworkMethod.invokeExplosively(FrameworkMethod.java:41)
	at org.junit.internal.runners.statements.InvokeMethod.evaluate(InvokeMethod.java:20)
	at org.junit.internal.runners.statements.RunBefores.evaluate(RunBefores.java:28)
	at org.junit.internal.runners.statements.RunAfters.evaluate(RunAfters.java:31)
	at org.junit.runners.BlockJUnit4ClassRunner.runChild(BlockJUnit4ClassRunner.java:76)
	at org.junit.runners.BlockJUnit4ClassRunner.runChild(BlockJUnit4ClassRunner.java:50)
	at org.junit.runners.ParentRunner$3.run(ParentRunner.java:193)
	at org.junit.runners.ParentRunner$1.schedule(ParentRunner.java:52)
	at org.junit.runners.ParentRunner.runChildren(ParentRunner.java:191)
	at org.junit.runners.ParentRunner.access$000(ParentRunner.java:42)
	at org.junit.runners.ParentRunner$2.evaluate(ParentRunner.java:184)
	at org.junit.internal.runners.statements.RunAfters.evaluate(RunAfters.java:31)
	at org.junit.runners.ParentRunner.run(ParentRunner.java:236)
	at org.apache.maven.surefire.junit4.JUnit4TestSet.execute(JUnit4TestSet.java:62)
	at org.apache.maven.surefire.suite.AbstractDirectoryTestSuite.executeTestSet(AbstractDirectoryTestSuite.java:140)
	at org.apache.maven.surefire.suite.AbstractDirectoryTestSuite.execute(AbstractDirectoryTestSuite.java:127)
	at org.apache.maven.surefire.Surefire.run(Surefire.java:177)
	at sun.reflect.NativeMethodAccessorImpl.invoke0(Native Method)
	at sun.reflect.NativeMethodAccessorImpl.invoke(NativeMethodAccessorImpl.java:39)
	at sun.reflect.DelegatingMethodAccessorImpl.invoke(DelegatingMethodAccessorImpl.java:25)
	at java.lang.reflect.Method.invoke(Method.java:597)
	at org.apache.maven.surefire.booter.SurefireBooter.runSuitesInProcess(SurefireBooter.java:345)
	at org.apache.maven.surefire.booter.SurefireBooter.main(SurefireBooter.java:1009)
</failure>
  </testcase>
  <testcase time="12.19" classname="org.fincayra.modeshape.SQL2AppTest" name="testSQL2_cast_HSQLDB_SOURCE_MODESHAPE_CLUSTER_Shutdown">
    <failure message="Query result is empty" type="java.lang.AssertionError">java.lang.AssertionError: Query result is empty
	at org.junit.Assert.fail(Assert.java:91)
	at org.junit.Assert.assertTrue(Assert.java:43)
	at org.fincayra.modeshape.SQL2AppTest.testSQL2_cast_HSQLDB_SOURCE_MODESHAPE_CLUSTER_Shutdown(SQL2AppTest.java:221)
	at sun.reflect.NativeMethodAccessorImpl.invoke0(Native Method)
	at sun.reflect.NativeMethodAccessorImpl.invoke(NativeMethodAccessorImpl.java:39)
	at sun.reflect.DelegatingMethodAccessorImpl.invoke(DelegatingMethodAccessorImpl.java:25)
	at java.lang.reflect.Method.invoke(Method.java:597)
	at org.junit.runners.model.FrameworkMethod$1.runReflectiveCall(FrameworkMethod.java:44)
	at org.junit.internal.runners.model.ReflectiveCallable.run(ReflectiveCallable.java:15)
	at org.junit.runners.model.FrameworkMethod.invokeExplosively(FrameworkMethod.java:41)
	at org.junit.internal.runners.statements.InvokeMethod.evaluate(InvokeMethod.java:20)
	at org.junit.internal.runners.statements.RunBefores.evaluate(RunBefores.java:28)
	at org.junit.internal.runners.statements.RunAfters.evaluate(RunAfters.java:31)
	at org.junit.runners.BlockJUnit4ClassRunner.runChild(BlockJUnit4ClassRunner.java:76)
	at org.junit.runners.BlockJUnit4ClassRunner.runChild(BlockJUnit4ClassRunner.java:50)
	at org.junit.runners.ParentRunner$3.run(ParentRunner.java:193)
	at org.junit.runners.ParentRunner$1.schedule(ParentRunner.java:52)
	at org.junit.runners.ParentRunner.runChildren(ParentRunner.java:191)
	at org.junit.runners.ParentRunner.access$000(ParentRunner.java:42)
	at org.junit.runners.ParentRunner$2.evaluate(ParentRunner.java:184)
	at org.junit.internal.runners.statements.RunAfters.evaluate(RunAfters.java:31)
	at org.junit.runners.ParentRunner.run(ParentRunner.java:236)
	at org.apache.maven.surefire.junit4.JUnit4TestSet.execute(JUnit4TestSet.java:62)
	at org.apache.maven.surefire.suite.AbstractDirectoryTestSuite.executeTestSet(AbstractDirectoryTestSuite.java:140)
	at org.apache.maven.surefire.suite.AbstractDirectoryTestSuite.execute(AbstractDirectoryTestSuite.java:127)
	at org.apache.maven.surefire.Surefire.run(Surefire.java:177)
	at sun.reflect.NativeMethodAccessorImpl.invoke0(Native Method)
	at sun.reflect.NativeMethodAccessorImpl.invoke(NativeMethodAccessorImpl.java:39)
	at sun.reflect.DelegatingMethodAccessorImpl.invoke(DelegatingMethodAccessorImpl.java:25)
	at java.lang.reflect.Method.invoke(Method.java:597)
	at org.apache.maven.surefire.booter.SurefireBooter.runSuitesInProcess(SurefireBooter.java:345)
	at org.apache.maven.surefire.booter.SurefireBooter.main(SurefireBooter.java:1009)
</failure>
  </testcase>
</testsuite>